<?xml version="1.0" encoding="UTF-8"?>
<!-- Generated by org.testng.reporters.JUnitReportReporter -->
<testsuite hostname="OyeAbhya" failures="0" tests="1" name="inetBanking_V2.TC_AddCutomerPage_003" time="27.798" errors="0" timestamp="2022-12-28T23:46:02 IST" skipped="0">
  <testcase classname="inetBanking_V2.TC_AddCutomerPage_003" name="TestAddCustDetails" time="27.798"/>
  <system-out/>
</testsuite> <!-- inetBanking_V2.TC_AddCutomerPage_003 -->
